2020-11-12 15:38:17 --> UPDATE gasto SET
					fecha='2020-03-05',
					fecha_vencimiento='2020-03-05',
					rubro_id=1,
					subrubro_id=1,
					proveedor='21',
					descripcion='',
					factura_nro='00000008',
					factura_tipo='A',
					factura_punto_venta='0003',
					factura_orden='B',
					remito_nro='',
					recibo_nro='',
					monto='28957',
					iva_27='0',
					iva_21='5025.6',
					iva_10_5='0',
					otra_alicuota='0',
					origen='Servicios',
					razon='Piña S.A.',
					cuit='20251748056',
					perc_iva='0',
					perc_iibb_bsas='0',
					perc_iibb_caba='0',
					quitar_egresos='1',
					exento='0'
				WHERE id=3200
2020-11-12 15:43:57 --> UPDATE gasto SET
					fecha='2020-03-05',
					fecha_vencimiento='2020-03-05',
					rubro_id=1,
					subrubro_id=1,
					proveedor='21',
					descripcion='',
					factura_nro='00000008',
					factura_tipo='A',
					factura_punto_venta='0003',
					factura_orden='B',
					remito_nro='',
					recibo_nro='',
					monto='28957',
					iva_27='0',
					iva_21='5025.6',
					iva_10_5='0',
					otra_alicuota='0',
					origen='Servicios',
					razon='Piña S.A.',
					cuit='20251748056',
					perc_iva='0',
					perc_iibb_bsas='0',
					perc_iibb_caba='0',
					quitar_egresos='0',
					exento='0'
				WHERE id=3200
2020-11-12 15:44:17 --> UPDATE gasto SET
					fecha='2020-03-05',
					fecha_vencimiento='2020-03-05',
					rubro_id=1,
					subrubro_id=1,
					proveedor='21',
					descripcion='',
					factura_nro='00000008',
					factura_tipo='A',
					factura_punto_venta='0003',
					factura_orden='B',
					remito_nro='',
					recibo_nro='',
					monto='28957',
					iva_27='0',
					iva_21='5025.6',
					iva_10_5='0',
					otra_alicuota='0',
					origen='Servicios',
					razon='Piña S.A.',
					cuit='20251748056',
					perc_iva='0',
					perc_iibb_bsas='0',
					perc_iibb_caba='0',
					quitar_egresos='1',
					exento='0'
				WHERE id=3200
